Aishwaryam-web-clone/android/app/build/intermediates/manifest_merge_blame_file/debug/processDebugMainManifest/manifest-merger-blame-debug-report.txt
1<?xml version="1.0" encoding="utf-8"?>
2<manifest xmlns:android="http://schemas.android.com/apk/res/android"
3    package="com.aishwaryam.app"
4    android:versionCode="1"
5    android:versionName="1.0" >
6
7    <uses-sdk
8        android:minSdkVersion="24"
9        android:targetSdkVersion="36" />
10
11    <!-- Permissions -->
12
13    <uses-permission android:name="android.permission.INTERNET" />
13-->src\main\AndroidManifest.xml:46:5-67
13-->src\main\AndroidManifest.xml:46:22-64
14    <uses-permission android:name="android.permission.POST_NOTIFICATIONS" />
14-->src\main\AndroidManifest.xml:47:5-77
14-->src\main\AndroidManifest.xml:47:22-74
15    <uses-permission android:name="android.permission.ACCESS_NETWORK_STATE" />
15-->[com.google.firebase:firebase-messaging:25.0.1] AndroidManifest.xml:22:5-79
15-->[com.google.firebase:firebase-messaging:25.0.1] AndroidManifest.xml:22:22-76
16    <uses-permission android:name="android.permission.WAKE_LOCK" /> <!-- Required by older versions of Google Play services to create IID tokens -->
16-->[com.google.firebase:firebase-messaging:25.0.1] AndroidManifest.xml:24:5-68
16-->[com.google.firebase:firebase-messaging:25.0.1] AndroidManifest.xml:24:22-65
17    <uses-permission android:name="com.google.android.c2dm.permission.RECEIVE" />
17-->[com.google.firebase:firebase-messaging:25.0.1] AndroidManifest.xml:26:5-82
17-->[com.google.firebase:firebase-messaging:25.0.1] AndroidManifest.xml:26:22-79
18    <uses-permission android:name="android.permission.NFC" />
18-->[com.razorpay:standard-core:1.7.15] AndroidManifest.xml:9:5-62
18-->[com.razorpay:standard-core:1.7.15] AndroidManifest.xml:9:22-59
19
20    <uses-feature
20-->[com.razorpay:standard-core:1.7.15] AndroidManifest.xml:11:5-13:36
21        android:name="android.hardware.nfc"
21-->[com.razorpay:standard-core:1.7.15] AndroidManifest.xml:12:9-44
22        android:required="false" />
22-->[com.razorpay:standard-core:1.7.15] AndroidManifest.xml:13:9-33
23
24    <queries>
24-->[com.razorpay:standard-core:1.7.15] AndroidManifest.xml:15:5-44:15
25        <intent>
25-->[com.razorpay:standard-core:1.7.15] AndroidManifest.xml:16:9-22:18
26            <action android:name="android.intent.action.VIEW" />
26-->[com.razorpay:standard-core:1.7.15] AndroidManifest.xml:17:13-65
26-->[com.razorpay:standard-core:1.7.15] AndroidManifest.xml:17:21-62
27
28            <data
28-->[com.razorpay:standard-core:1.7.15] AndroidManifest.xml:19:13-21:38
29                android:mimeType="*/*"
29-->[com.razorpay:standard-core:1.7.15] AndroidManifest.xml:20:17-39
30                android:scheme="*" />
30-->[com.razorpay:standard-core:1.7.15] AndroidManifest.xml:21:17-35
31        </intent>
32        <intent>
32-->[com.razorpay:standard-core:1.7.15] AndroidManifest.xml:23:9-32:18
33            <action android:name="android.intent.action.VIEW" />
33-->[com.razorpay:standard-core:1.7.15] AndroidManifest.xml:17:13-65
33-->[com.razorpay:standard-core:1.7.15] AndroidManifest.xml:17:21-62
34
35            <category android:name="android.intent.category.BROWSABLE" />
35-->[com.razorpay:standard-core:1.7.15] AndroidManifest.xml:26:13-74
35-->[com.razorpay:standard-core:1.7.15] AndroidManifest.xml:26:23-71
36
37            <data
37-->[com.razorpay:standard-core:1.7.15] AndroidManifest.xml:19:13-21:38
38                android:host="pay"
39                android:mimeType="*/*"
39-->[com.razorpay:standard-core:1.7.15] AndroidManifest.xml:20:17-39
40                android:scheme="upi" />
40-->[com.razorpay:standard-core:1.7.15] AndroidManifest.xml:21:17-35
41        </intent>
42        <intent>
42-->[com.razorpay:standard-core:1.7.15] AndroidManifest.xml:33:9-35:18
43            <action android:name="android.intent.action.MAIN" />
43-->src\main\AndroidManifest.xml:22:17-69
43-->src\main\AndroidManifest.xml:22:25-66
44        </intent>
45        <intent>
45-->[com.razorpay:standard-core:1.7.15] AndroidManifest.xml:36:9-40:18
46            <action android:name="android.intent.action.SEND" />
46-->[com.razorpay:standard-core:1.7.15] AndroidManifest.xml:37:13-65
46-->[com.razorpay:standard-core:1.7.15] AndroidManifest.xml:37:21-62
47
48            <data android:mimeType="*/*" />
48-->[com.razorpay:standard-core:1.7.15] AndroidManifest.xml:19:13-21:38
48-->[com.razorpay:standard-core:1.7.15] AndroidManifest.xml:20:17-39
49        </intent>
50        <intent>
50-->[com.razorpay:standard-core:1.7.15] AndroidManifest.xml:41:9-43:18
51            <action android:name="rzp.device_token.share" />
51-->[com.razorpay:standard-core:1.7.15] AndroidManifest.xml:42:13-61
51-->[com.razorpay:standard-core:1.7.15] AndroidManifest.xml:42:21-58
52        </intent>
53    </queries>
54
55    <uses-feature
55-->[com.google.android.gms:play-services-maps:17.0.0] AndroidManifest.xml:26:5-28:35
56        android:glEsVersion="0x00020000"
56-->[com.google.android.gms:play-services-maps:17.0.0] AndroidManifest.xml:27:9-41
57        android:required="true" />
57-->[com.google.android.gms:play-services-maps:17.0.0] AndroidManifest.xml:28:9-32
58
59    <permission
59-->[androidx.core:core:1.17.0] AndroidManifest.xml:22:5-24:47
60        android:name="com.aishwaryam.app.DYNAMIC_RECEIVER_NOT_EXPORTED_PERMISSION"
60-->[androidx.core:core:1.17.0] AndroidManifest.xml:23:9-81
61        android:protectionLevel="signature" />
61-->[androidx.core:core:1.17.0] AndroidManifest.xml:24:9-44
62
63    <uses-permission android:name="com.aishwaryam.app.DYNAMIC_RECEIVER_NOT_EXPORTED_PERMISSION" /> <!-- Normal permission, automatically granted on API 23+ -->
63-->[androidx.core:core:1.17.0] AndroidManifest.xml:26:5-97
63-->[androidx.core:core:1.17.0] AndroidManifest.xml:26:22-94
64    <uses-permission android:name="android.permission.READ_BASIC_PHONE_STATE" />
64-->[com.razorpay:core:1.0.16] AndroidManifest.xml:10:5-81
64-->[com.razorpay:core:1.0.16] AndroidManifest.xml:10:22-78
65
66    <application
66-->src\main\AndroidManifest.xml:4:5-42:19
67        android:allowBackup="false"
67-->src\main\AndroidManifest.xml:5:9-36
68        android:appComponentFactory="androidx.core.app.CoreComponentFactory"
68-->[androidx.core:core:1.17.0] AndroidManifest.xml:28:18-86
69        android:debuggable="true"
70        android:extractNativeLibs="false"
71        android:icon="@mipmap/ic_launcher"
71-->src\main\AndroidManifest.xml:6:9-43
72        android:label="@string/app_name"
72-->src\main\AndroidManifest.xml:7:9-41
73        android:roundIcon="@mipmap/ic_launcher_round"
73-->src\main\AndroidManifest.xml:8:9-54
74        android:supportsRtl="true"
74-->src\main\AndroidManifest.xml:9:9-35
75        android:theme="@style/AppTheme"
75-->src\main\AndroidManifest.xml:10:9-40
76        android:usesCleartextTraffic="true" >
76-->[:capacitor-cordova-android-plugins] AndroidManifest.xml:8:18-53
77        <activity
77-->src\main\AndroidManifest.xml:12:9-26:20
78            android:name="com.aishwaryam.app.MainActivity"
78-->src\main\AndroidManifest.xml:14:13-41
79            android:configChanges="orientation|keyboardHidden|keyboard|screenSize|locale|smallestScreenSize|screenLayout|uiMode|navigation|density"
79-->src\main\AndroidManifest.xml:13:13-148
80            android:exported="true"
80-->src\main\AndroidManifest.xml:19:13-36
81            android:label="@string/title_activity_main"
81-->src\main\AndroidManifest.xml:15:13-56
82            android:launchMode="singleTask"
82-->src\main\AndroidManifest.xml:17:13-44
83            android:screenOrientation="portrait"
83-->src\main\AndroidManifest.xml:18:13-49
84            android:theme="@style/AppTheme.NoActionBarLaunch" >
84-->src\main\AndroidManifest.xml:16:13-62
85            <intent-filter>
85-->src\main\AndroidManifest.xml:21:13-24:29
86                <action android:name="android.intent.action.MAIN" />
86-->src\main\AndroidManifest.xml:22:17-69
86-->src\main\AndroidManifest.xml:22:25-66
87
88                <category android:name="android.intent.category.LAUNCHER" />
88-->src\main\AndroidManifest.xml:23:17-77
88-->src\main\AndroidManifest.xml:23:27-74
89            </intent-filter>
90        </activity>
91
92        <provider
93            android:name="androidx.core.content.FileProvider"
93-->src\main\AndroidManifest.xml:29:13-62
94            android:authorities="com.aishwaryam.app.fileprovider"
94-->src\main\AndroidManifest.xml:30:13-64
95            android:exported="false"
95-->src\main\AndroidManifest.xml:31:13-37
96            android:grantUriPermissions="true" >
96-->src\main\AndroidManifest.xml:32:13-47
97            <meta-data
97-->src\main\AndroidManifest.xml:33:13-35:64
98                android:name="android.support.FILE_PROVIDER_PATHS"
98-->src\main\AndroidManifest.xml:34:17-67
99                android:resource="@xml/file_paths" />
99-->src\main\AndroidManifest.xml:35:17-51
100        </provider>
101
102        <!-- Set custom default icon for push notifications -->
103        <meta-data
103-->src\main\AndroidManifest.xml:39:9-41:60
104            android:name="com.google.firebase.messaging.default_notification_icon"
104-->src\main\AndroidManifest.xml:40:13-83
105            android:resource="@drawable/ic_notification" />
105-->src\main\AndroidManifest.xml:41:13-57
106
107        <service
107-->[:capacitor-push-notifications] AndroidManifest.xml:8:9-14:19
108            android:name="com.capacitorjs.plugins.pushnotifications.MessagingService"
108-->[:capacitor-push-notifications] AndroidManifest.xml:9:13-86
109            android:exported="false" >
109-->[:capacitor-push-notifications] AndroidManifest.xml:10:13-37
110            <intent-filter>
110-->[:capacitor-push-notifications] AndroidManifest.xml:11:13-13:29
111                <action android:name="com.google.firebase.MESSAGING_EVENT" />
111-->[:capacitor-push-notifications] AndroidManifest.xml:12:17-78
111-->[:capacitor-push-notifications] AndroidManifest.xml:12:25-75
112            </intent-filter>
113        </service>
114
115        <receiver
115-->[com.google.firebase:firebase-messaging:25.0.1] AndroidManifest.xml:29:9-40:20
116            android:name="com.google.firebase.iid.FirebaseInstanceIdReceiver"
116-->[com.google.firebase:firebase-messaging:25.0.1] AndroidManifest.xml:30:13-78
117            android:exported="true"
117-->[com.google.firebase:firebase-messaging:25.0.1] AndroidManifest.xml:31:13-36
118            android:permission="com.google.android.c2dm.permission.SEND" >
118-->[com.google.firebase:firebase-messaging:25.0.1] AndroidManifest.xml:32:13-73
119            <intent-filter>
119-->[com.google.firebase:firebase-messaging:25.0.1] AndroidManifest.xml:33:13-35:29
120                <action android:name="com.google.android.c2dm.intent.RECEIVE" />
120-->[com.google.firebase:firebase-messaging:25.0.1] AndroidManifest.xml:34:17-81
120-->[com.google.firebase:firebase-messaging:25.0.1] AndroidManifest.xml:34:25-78
121            </intent-filter>
122
123            <meta-data
123-->[com.google.firebase:firebase-messaging:25.0.1] AndroidManifest.xml:37:13-39:40
124                android:name="com.google.android.gms.cloudmessaging.FINISHED_AFTER_HANDLED"
124-->[com.google.firebase:firebase-messaging:25.0.1] AndroidManifest.xml:38:17-92
125                android:value="true" />
125-->[com.google.firebase:firebase-messaging:25.0.1] AndroidManifest.xml:39:17-37
126        </receiver>
127        <!--
128             FirebaseMessagingService performs security checks at runtime,
129             but set to not exported to explicitly avoid allowing another app to call it.
130        -->
131        <service
131-->[com.google.firebase:firebase-messaging:25.0.1] AndroidManifest.xml:46:9-53:19
132            android:name="com.google.firebase.messaging.FirebaseMessagingService"
132-->[com.google.firebase:firebase-messaging:25.0.1] AndroidManifest.xml:47:13-82
133            android:directBootAware="true"
133-->[com.google.firebase:firebase-messaging:25.0.1] AndroidManifest.xml:48:13-43
134            android:exported="false" >
134-->[com.google.firebase:firebase-messaging:25.0.1] AndroidManifest.xml:49:13-37
135            <intent-filter android:priority="-500" >
135-->[:capacitor-push-notifications] AndroidManifest.xml:11:13-13:29
136                <action android:name="com.google.firebase.MESSAGING_EVENT" />
136-->[:capacitor-push-notifications] AndroidManifest.xml:12:17-78
136-->[:capacitor-push-notifications] AndroidManifest.xml:12:25-75
137            </intent-filter>
138        </service>
139        <service
139-->[com.google.firebase:firebase-messaging:25.0.1] AndroidManifest.xml:54:9-63:19
140            android:name="com.google.firebase.components.ComponentDiscoveryService"
140-->[com.google.firebase:firebase-messaging:25.0.1] AndroidManifest.xml:55:13-84
141            android:directBootAware="true"
141-->[com.google.firebase:firebase-common:22.0.1] AndroidManifest.xml:32:13-43
142            android:exported="false" >
142-->[com.google.firebase:firebase-messaging:25.0.1] AndroidManifest.xml:56:13-37
143            <meta-data
143-->[com.google.firebase:firebase-messaging:25.0.1] AndroidManifest.xml:57:13-59:85
144                android:name="com.google.firebase.components:com.google.firebase.messaging.FirebaseMessagingKtxRegistrar"
144-->[com.google.firebase:firebase-messaging:25.0.1] AndroidManifest.xml:58:17-122
145                android:value="com.google.firebase.components.ComponentRegistrar" />
145-->[com.google.firebase:firebase-messaging:25.0.1] AndroidManifest.xml:59:17-82
146            <meta-data
146-->[com.google.firebase:firebase-messaging:25.0.1] AndroidManifest.xml:60:13-62:85
147                android:name="com.google.firebase.components:com.google.firebase.messaging.FirebaseMessagingRegistrar"
147-->[com.google.firebase:firebase-messaging:25.0.1] AndroidManifest.xml:61:17-119
148                android:value="com.google.firebase.components.ComponentRegistrar" />
148-->[com.google.firebase:firebase-messaging:25.0.1] AndroidManifest.xml:62:17-82
149            <meta-data
149-->[com.google.firebase:firebase-installations:18.0.0] AndroidManifest.xml:15:13-17:85
150                android:name="com.google.firebase.components:com.google.firebase.installations.FirebaseInstallationsKtxRegistrar"
150-->[com.google.firebase:firebase-installations:18.0.0] AndroidManifest.xml:16:17-130
151                android:value="com.google.firebase.components.ComponentRegistrar" />
151-->[com.google.firebase:firebase-installations:18.0.0] AndroidManifest.xml:17:17-82
152            <meta-data
152-->[com.google.firebase:firebase-installations:18.0.0] AndroidManifest.xml:18:13-20:85
153                android:name="com.google.firebase.components:com.google.firebase.installations.FirebaseInstallationsRegistrar"
153-->[com.google.firebase:firebase-installations:18.0.0] AndroidManifest.xml:19:17-127
154                android:value="com.google.firebase.components.ComponentRegistrar" />
154-->[com.google.firebase:firebase-installations:18.0.0] AndroidManifest.xml:20:17-82
155            <meta-data
155-->[com.google.firebase:firebase-common:22.0.1] AndroidManifest.xml:35:13-37:85
156                android:name="com.google.firebase.components:com.google.firebase.FirebaseCommonKtxRegistrar"
156-->[com.google.firebase:firebase-common:22.0.1] AndroidManifest.xml:36:17-109
157                android:value="com.google.firebase.components.ComponentRegistrar" />
157-->[com.google.firebase:firebase-common:22.0.1] AndroidManifest.xml:37:17-82
158            <meta-data
158-->[com.google.firebase:firebase-datatransport:18.2.0] AndroidManifest.xml:25:13-27:85
159                android:name="com.google.firebase.components:com.google.firebase.datatransport.TransportRegistrar"
159-->[com.google.firebase:firebase-datatransport:18.2.0] AndroidManifest.xml:26:17-115
160                android:value="com.google.firebase.components.ComponentRegistrar" />
160-->[com.google.firebase:firebase-datatransport:18.2.0] AndroidManifest.xml:27:17-82
161        </service>
162
163        <provider
163-->[com.google.firebase:firebase-common:22.0.1] AndroidManifest.xml:23:9-28:39
164            android:name="com.google.firebase.provider.FirebaseInitProvider"
164-->[com.google.firebase:firebase-common:22.0.1] AndroidManifest.xml:24:13-77
165            android:authorities="com.aishwaryam.app.firebaseinitprovider"
165-->[com.google.firebase:firebase-common:22.0.1] AndroidManifest.xml:25:13-72
166            android:directBootAware="true"
166-->[com.google.firebase:firebase-common:22.0.1] AndroidManifest.xml:26:13-43
167            android:exported="false"
167-->[com.google.firebase:firebase-common:22.0.1] AndroidManifest.xml:27:13-37
168            android:initOrder="100" />
168-->[com.google.firebase:firebase-common:22.0.1] AndroidManifest.xml:28:13-36
169
170        <activity
170-->[com.razorpay:standard-core:1.7.15] AndroidManifest.xml:47:9-55:20
171            android:name="com.razorpay.CheckoutActivity"
171-->[com.razorpay:standard-core:1.7.15] AndroidManifest.xml:48:13-57
172            android:configChanges="keyboard|keyboardHidden|orientation|screenSize"
172-->[com.razorpay:standard-core:1.7.15] AndroidManifest.xml:49:13-83
173            android:exported="false"
173-->[com.razorpay:standard-core:1.7.15] AndroidManifest.xml:50:13-37
174            android:theme="@style/CheckoutTheme" >
174-->[com.razorpay:standard-core:1.7.15] AndroidManifest.xml:51:13-49
175            <intent-filter>
175-->[com.razorpay:standard-core:1.7.15] AndroidManifest.xml:52:13-54:29
176                <action android:name="android.intent.action.MAIN" />
176-->src\main\AndroidManifest.xml:22:17-69
176-->src\main\AndroidManifest.xml:22:25-66
177            </intent-filter>
178        </activity>
179
180        <provider
180-->[com.razorpay:standard-core:1.7.15] AndroidManifest.xml:57:9-68:20
181            android:name="androidx.startup.InitializationProvider"
181-->[com.razorpay:standard-core:1.7.15] AndroidManifest.xml:58:13-67
182            android:authorities="com.aishwaryam.app.androidx-startup"
182-->[com.razorpay:standard-core:1.7.15] AndroidManifest.xml:59:13-68
183            android:exported="false" >
183-->[com.razorpay:standard-core:1.7.15] AndroidManifest.xml:60:13-37
184            <meta-data
184-->[com.razorpay:standard-core:1.7.15] AndroidManifest.xml:62:13-64:52
185                android:name="com.razorpay.RazorpayInitializer"
185-->[com.razorpay:standard-core:1.7.15] AndroidManifest.xml:63:17-64
186                android:value="androidx.startup" />
186-->[com.razorpay:standard-core:1.7.15] AndroidManifest.xml:64:17-49
187            <meta-data
187-->[com.razorpay:standard-core:1.7.15] AndroidManifest.xml:65:13-67:52
188                android:name="com.razorpay.CoreInitializer"
188-->[com.razorpay:standard-core:1.7.15] AndroidManifest.xml:66:17-60
189                android:value="androidx.startup" />
189-->[com.razorpay:standard-core:1.7.15] AndroidManifest.xml:67:17-49
190            <meta-data
190-->[androidx.emoji2:emoji2:1.3.0] AndroidManifest.xml:29:13-31:52
191                android:name="androidx.emoji2.text.EmojiCompatInitializer"
191-->[androidx.emoji2:emoji2:1.3.0] AndroidManifest.xml:30:17-75
192                android:value="androidx.startup" />
192-->[androidx.emoji2:emoji2:1.3.0] AndroidManifest.xml:31:17-49
193            <meta-data
193-->[androidx.lifecycle:lifecycle-process:2.6.2] AndroidManifest.xml:29:13-31:52
194                android:name="androidx.lifecycle.ProcessLifecycleInitializer"
194-->[androidx.lifecycle:lifecycle-process:2.6.2] AndroidManifest.xml:30:17-78
195                android:value="androidx.startup" />
195-->[androidx.lifecycle:lifecycle-process:2.6.2] AndroidManifest.xml:31:17-49
196            <meta-data
196-->[androidx.profileinstaller:profileinstaller:1.4.0] AndroidManifest.xml:29:13-31:52
197                android:name="androidx.profileinstaller.ProfileInstallerInitializer"
197-->[androidx.profileinstaller:profileinstaller:1.4.0] AndroidManifest.xml:30:17-85
198                android:value="androidx.startup" />
198-->[androidx.profileinstaller:profileinstaller:1.4.0] AndroidManifest.xml:31:17-49
199        </provider>
200
201        <activity
201-->[com.razorpay:standard-core:1.7.15] AndroidManifest.xml:70:9-73:75
202            android:name="com.razorpay.MagicXActivity"
202-->[com.razorpay:standard-core:1.7.15] AndroidManifest.xml:71:13-55
203            android:exported="false"
203-->[com.razorpay:standard-core:1.7.15] AndroidManifest.xml:72:13-37
204            android:theme="@android:style/Theme.Translucent.NoTitleBar" />
204-->[com.razorpay:standard-core:1.7.15] AndroidManifest.xml:73:13-72
205        <activity
205-->[com.google.android.gms:play-services-auth:21.1.0] AndroidManifest.xml:23:9-27:75
206            android:name="com.google.android.gms.auth.api.signin.internal.SignInHubActivity"
206-->[com.google.android.gms:play-services-auth:21.1.0] AndroidManifest.xml:24:13-93
207            android:excludeFromRecents="true"
207-->[com.google.android.gms:play-services-auth:21.1.0] AndroidManifest.xml:25:13-46
208            android:exported="false"
208-->[com.google.android.gms:play-services-auth:21.1.0] AndroidManifest.xml:26:13-37
209            android:theme="@android:style/Theme.Translucent.NoTitleBar" />
209-->[com.google.android.gms:play-services-auth:21.1.0] AndroidManifest.xml:27:13-72
210        <!--
211            Service handling Google Sign-In user revocation. For apps that do not integrate with
212            Google Sign-In, this service will never be started.
213        -->
214        <service
214-->[com.google.android.gms:play-services-auth:21.1.0] AndroidManifest.xml:33:9-37:51
215            android:name="com.google.android.gms.auth.api.signin.RevocationBoundService"
215-->[com.google.android.gms:play-services-auth:21.1.0] AndroidManifest.xml:34:13-89
216            android:exported="true"
216-->[com.google.android.gms:play-services-auth:21.1.0] AndroidManifest.xml:35:13-36
217            android:permission="com.google.android.gms.auth.api.signin.permission.REVOCATION_NOTIFICATION"
217-->[com.google.android.gms:play-services-auth:21.1.0] AndroidManifest.xml:36:13-107
218            android:visibleToInstantApps="true" /> <!-- Needs to be explicitly declared on P+ -->
218-->[com.google.android.gms:play-services-auth:21.1.0] AndroidManifest.xml:37:13-48
219        <uses-library
219-->[com.google.android.gms:play-services-maps:17.0.0] AndroidManifest.xml:33:9-35:40
220            android:name="org.apache.http.legacy"
220-->[com.google.android.gms:play-services-maps:17.0.0] AndroidManifest.xml:34:13-50
221            android:required="false" />
221-->[com.google.android.gms:play-services-maps:17.0.0] AndroidManifest.xml:35:13-37
222
223        <activity
223-->[com.google.android.gms:play-services-base:18.3.0] AndroidManifest.xml:20:9-22:45
224            android:name="com.google.android.gms.common.api.GoogleApiActivity"
224-->[com.google.android.gms:play-services-base:18.3.0] AndroidManifest.xml:20:19-85
225            android:exported="false"
225-->[com.google.android.gms:play-services-base:18.3.0] AndroidManifest.xml:22:19-43
226            android:theme="@android:style/Theme.Translucent.NoTitleBar" />
226-->[com.google.android.gms:play-services-base:18.3.0] AndroidManifest.xml:21:19-78
227
228        <meta-data
228-->[com.google.android.gms:play-services-basement:18.3.0] AndroidManifest.xml:21:9-23:69
229            android:name="com.google.android.gms.version"
229-->[com.google.android.gms:play-services-basement:18.3.0] AndroidManifest.xml:22:13-58
230            android:value="@integer/google_play_services_version" />
230-->[com.google.android.gms:play-services-basement:18.3.0] AndroidManifest.xml:23:13-66
231
232        <receiver
232-->[androidx.profileinstaller:profileinstaller:1.4.0] AndroidManifest.xml:34:9-52:20
233            android:name="androidx.profileinstaller.ProfileInstallReceiver"
233-->[androidx.profileinstaller:profileinstaller:1.4.0] AndroidManifest.xml:35:13-76
234            android:directBootAware="false"
234-->[androidx.profileinstaller:profileinstaller:1.4.0] AndroidManifest.xml:36:13-44
235            android:enabled="true"
235-->[androidx.profileinstaller:profileinstaller:1.4.0] AndroidManifest.xml:37:13-35
236            android:exported="true"
236-->[androidx.profileinstaller:profileinstaller:1.4.0] AndroidManifest.xml:38:13-36
237            android:permission="android.permission.DUMP" >
237-->[androidx.profileinstaller:profileinstaller:1.4.0] AndroidManifest.xml:39:13-57
238            <intent-filter>
238-->[androidx.profileinstaller:profileinstaller:1.4.0] AndroidManifest.xml:40:13-42:29
239                <action android:name="androidx.profileinstaller.action.INSTALL_PROFILE" />
239-->[androidx.profileinstaller:profileinstaller:1.4.0] AndroidManifest.xml:41:17-91
239-->[androidx.profileinstaller:profileinstaller:1.4.0] AndroidManifest.xml:41:25-88
240            </intent-filter>
241            <intent-filter>
241-->[androidx.profileinstaller:profileinstaller:1.4.0] AndroidManifest.xml:43:13-45:29
242                <action android:name="androidx.profileinstaller.action.SKIP_FILE" />
242-->[androidx.profileinstaller:profileinstaller:1.4.0] AndroidManifest.xml:44:17-85
242-->[androidx.profileinstaller:profileinstaller:1.4.0] AndroidManifest.xml:44:25-82
243            </intent-filter>
244            <intent-filter>
244-->[androidx.profileinstaller:profileinstaller:1.4.0] AndroidManifest.xml:46:13-48:29
245                <action android:name="androidx.profileinstaller.action.SAVE_PROFILE" />
245-->[androidx.profileinstaller:profileinstaller:1.4.0] AndroidManifest.xml:47:17-88
245-->[androidx.profileinstaller:profileinstaller:1.4.0] AndroidManifest.xml:47:25-85
246            </intent-filter>
247            <intent-filter>
247-->[androidx.profileinstaller:profileinstaller:1.4.0] AndroidManifest.xml:49:13-51:29
248                <action android:name="androidx.profileinstaller.action.BENCHMARK_OPERATION" />
248-->[androidx.profileinstaller:profileinstaller:1.4.0] AndroidManifest.xml:50:17-95
248-->[androidx.profileinstaller:profileinstaller:1.4.0] AndroidManifest.xml:50:25-92
249            </intent-filter>
250        </receiver>
251
252        <service
252-->[com.google.android.datatransport:transport-backend-cct:3.1.9] AndroidManifest.xml:28:9-34:19
253            android:name="com.google.android.datatransport.runtime.backends.TransportBackendDiscovery"
253-->[com.google.android.datatransport:transport-backend-cct:3.1.9] AndroidManifest.xml:29:13-103
254            android:exported="false" >
254-->[com.google.android.datatransport:transport-backend-cct:3.1.9] AndroidManifest.xml:30:13-37
255            <meta-data
255-->[com.google.android.datatransport:transport-backend-cct:3.1.9] AndroidManifest.xml:31:13-33:39
256                android:name="backend:com.google.android.datatransport.cct.CctBackendFactory"
256-->[com.google.android.datatransport:transport-backend-cct:3.1.9] AndroidManifest.xml:32:17-94
257                android:value="cct" />
257-->[com.google.android.datatransport:transport-backend-cct:3.1.9] AndroidManifest.xml:33:17-36
258        </service>
259        <service
259-->[com.google.android.datatransport:transport-runtime:3.1.9] AndroidManifest.xml:26:9-30:19
260            android:name="com.google.android.datatransport.runtime.scheduling.jobscheduling.JobInfoSchedulerService"
260-->[com.google.android.datatransport:transport-runtime:3.1.9] AndroidManifest.xml:27:13-117
261            android:exported="false"
261-->[com.google.android.datatransport:transport-runtime:3.1.9] AndroidManifest.xml:28:13-37
262            android:permission="android.permission.BIND_JOB_SERVICE" >
262-->[com.google.android.datatransport:transport-runtime:3.1.9] AndroidManifest.xml:29:13-69
263        </service>
264
265        <receiver
265-->[com.google.android.datatransport:transport-runtime:3.1.9] AndroidManifest.xml:32:9-34:40
266            android:name="com.google.android.datatransport.runtime.scheduling.jobscheduling.AlarmManagerSchedulerBroadcastReceiver"
266-->[com.google.android.datatransport:transport-runtime:3.1.9] AndroidManifest.xml:33:13-132
267            android:exported="false" />
267-->[com.google.android.datatransport:transport-runtime:3.1.9] AndroidManifest.xml:34:13-37
268
269        <activity
269-->[com.razorpay:core:1.0.16] AndroidManifest.xml:13:9-27:20
270            android:name="com.razorpay.DeeplinkActivity"
270-->[com.razorpay:core:1.0.16] AndroidManifest.xml:14:13-57
271            android:exported="true"
271-->[com.razorpay:core:1.0.16] AndroidManifest.xml:15:13-36
272            android:theme="@style/CheckoutTheme" >
272-->[com.razorpay:core:1.0.16] AndroidManifest.xml:16:13-49
273            <intent-filter>
273-->[com.razorpay:core:1.0.16] AndroidManifest.xml:17:13-26:29
274                <action android:name="android.intent.action.VIEW" />
274-->[com.razorpay:standard-core:1.7.15] AndroidManifest.xml:17:13-65
274-->[com.razorpay:standard-core:1.7.15] AndroidManifest.xml:17:21-62
275
276                <category android:name="android.intent.category.DEFAULT" />
276-->[com.razorpay:core:1.0.16] AndroidManifest.xml:20:17-76
276-->[com.razorpay:core:1.0.16] AndroidManifest.xml:20:27-73
277                <category android:name="android.intent.category.BROWSABLE" />
277-->[com.razorpay:standard-core:1.7.15] AndroidManifest.xml:26:13-74
277-->[com.razorpay:standard-core:1.7.15] AndroidManifest.xml:26:23-71
278
279                <data
279-->[com.razorpay:standard-core:1.7.15] AndroidManifest.xml:19:13-21:38
280                    android:host="com.aishwaryam.app"
281                    android:scheme="razorpay" />
281-->[com.razorpay:standard-core:1.7.15] AndroidManifest.xml:21:17-35
282            </intent-filter>
283        </activity>
284    </application>
285
286</manifest>